<?xml version="1.0" encoding="UTF-8"?>
<con:testCase id="ecb6803f-2edb-4734-9264-6df9ad1879cf" discardOkResults="false" failOnError="false" failTestCaseOnErrors="true" keepSession="false" name="Test Case 1" searchProperties="true" timeout="0" xmlns:con="http://eviware.com/soapui/config">
  <con:settings>
    <con:setting id="ecb6803f-2edb-4734-9264-6df9ad1879cffileName">Test-Case-1</con:setting>
  </con:settings>
  <con:properties/>
  <con:reportParameters/>
</con:testCase>
