<?xml version="1.0" encoding="UTF-8"?>
<con:testCase id="4ce2a9c4-7c96-42fd-b6bb-651c91679dfc" discardOkResults="false" failOnError="false" failTestCaseOnErrors="true" keepSession="false" name="Test Case 1" searchProperties="true" timeout="0" xmlns:con="http://eviware.com/soapui/config">
  <con:settings>
    <con:setting id="4ce2a9c4-7c96-42fd-b6bb-651c91679dfcfileName">Test-Case-1</con:setting>
  </con:settings>
  <con:properties/>
  <con:reportParameters/>
</con:testCase>
